[2026-06-22T05:44:35.947Z] Attempting login for: hariyanaoptical49@gmail.com
[2026-06-22T05:44:36.132Z] Admin found. Comparing password...
[2026-06-22T05:44:36.307Z] Password invalid for: hariyanaoptical49@gmail.com
[2026-06-22T05:44:36.309Z] Authorize caught exception: Invalid email or password.
[2026-06-22T05:44:59.268Z] Attempting login for: jiteshjhamtani729@gmail.com
[2026-06-22T05:44:59.458Z] Admin found. Comparing password...
[2026-06-22T05:44:59.624Z] Login successful for: jiteshjhamtani729@gmail.com
[2026-06-22T05:48:31.947Z] Attempting login for: jiteshjhamtani729@gmail.com
[2026-06-22T05:48:32.578Z] Admin found. Comparing password...
[2026-06-22T05:48:32.782Z] Password invalid for: jiteshjhamtani729@gmail.com
[2026-06-22T05:48:32.784Z] Authorize caught exception: Invalid email or password.
[2026-06-22T05:48:42.608Z] Attempting login for: jiteshjhamtani729@gmail.com
[2026-06-22T05:48:42.844Z] Admin found. Comparing password...
[2026-06-22T05:48:43.015Z] Login successful for: jiteshjhamtani729@gmail.com
[2026-06-22T05:50:02.448Z] Attempting login for: hariyanaoptical49@gmail.com
[2026-06-22T05:50:02.711Z] Admin found. Comparing password...
[2026-06-22T05:50:02.844Z] Password invalid for: hariyanaoptical49@gmail.com
[2026-06-22T05:50:02.845Z] Authorize caught exception: Invalid email or password.
[2026-06-22T05:50:10.964Z] Attempting login for: hariyanaoptical49@gmail.com
[2026-06-22T05:50:11.236Z] Admin found. Comparing password...
[2026-06-22T05:50:11.357Z] Password invalid for: hariyanaoptical49@gmail.com
[2026-06-22T05:50:11.358Z] Authorize caught exception: Invalid email or password.
[2026-06-22T05:50:29.473Z] Attempting login for: hariyanaoptical49@gmail.com
[2026-06-22T05:50:29.683Z] Admin found. Comparing password...
[2026-06-22T05:50:29.869Z] Password invalid for: hariyanaoptical49@gmail.com
[2026-06-22T05:50:29.871Z] Authorize caught exception: Invalid email or password.
[2026-06-22T05:51:31.255Z] Attempting login for: jiteshjhamtani729@gmail.com
[2026-06-22T05:51:31.553Z] Admin found. Comparing password...
[2026-06-22T05:51:31.733Z] Login successful for: jiteshjhamtani729@gmail.com
[2026-06-22T06:02:07.810Z] Attempting login for: jiteshjhamtani729@gmail.com
[2026-06-22T06:02:08.707Z] Admin found. Comparing password...
[2026-06-22T06:02:08.857Z] Login successful for: jiteshjhamtani729@gmail.com
